<?xml version="1.0" encoding="UTF-8"?>
<!-- Generated by org.testng.reporters.JUnitReportReporter -->
<testsuite hostname="DESKTOP-2MQ9SDJ" failures="0" tests="1" name="Employer.FillingBusinessDetails" time="144.744" errors="0" timestamp="2022-02-12T21:37:02 IST" skipped="0">
  <testcase classname="Employer.FillingBusinessDetails" name="testFillingBusinessDetails" time="144.744"/>
  <system-out/>
</testsuite> <!-- Employer.FillingBusinessDetails -->
